Traceback (most recent call last):
  File "/opt/hostedtoolcache/Python/3.11.15/x64/lib/python3.11/site-packages/jupyter_cache/executors/utils.py", line 58, in single_nb_execution
    executenb(
  File "/opt/hostedtoolcache/Python/3.11.15/x64/lib/python3.11/site-packages/nbclient/client.py", line 1323, in execute
    return NotebookClient(nb=nb, resources=resources, km=km, **kwargs).execute()
           ^^^^^^^^^^^^^^^^^^^^^^^^^^^^^^^^^^^^^^^^^^^^^^^^^^^^^^^^^^^^^^^^^^^^^
  File "/opt/hostedtoolcache/Python/3.11.15/x64/lib/python3.11/site-packages/jupyter_core/utils/__init__.py", line 165, in wrapped
    return loop.run_until_complete(inner)
           ^^^^^^^^^^^^^^^^^^^^^^^^^^^^^^
  File "/opt/hostedtoolcache/Python/3.11.15/x64/lib/python3.11/asyncio/base_events.py", line 654, in run_until_complete
    return future.result()
           ^^^^^^^^^^^^^^^
  File "/opt/hostedtoolcache/Python/3.11.15/x64/lib/python3.11/site-packages/nbclient/client.py", line 709, in async_execute
    await self.async_execute_cell(
  File "/opt/hostedtoolcache/Python/3.11.15/x64/lib/python3.11/site-packages/nbclient/client.py", line 1062, in async_execute_cell
    await self._check_raise_for_error(cell, cell_index, exec_reply)
  File "/opt/hostedtoolcache/Python/3.11.15/x64/lib/python3.11/site-packages/nbclient/client.py", line 918, in _check_raise_for_error
    raise CellExecutionError.from_cell_and_msg(cell, exec_reply_content)
nbclient.exceptions.CellExecutionError: An error occurred while executing the following cell:
------------------
intrinsic = {
    "test": {
        "q": 2.0,
        "chi1x": 0.0,
        "chi1y": 0.0,
        "chi1z": 0.0,
        "chi2x": 0.0,
        "chi2y": 0.0,
        "chi2z": 0.0,
        "f0": 0.01006,
        "ecc": 0.1,
    }
}

ID = "test"
adm_id, tmax = ADM_from_EOB(
    M=1.0,
    q=intrinsic[ID]["q"],
    chi1=[
        intrinsic[ID]["chi1x"],
        intrinsic[ID]["chi1y"],
        intrinsic[ID]["chi1z"],
    ],
    chi2=[
        intrinsic[ID]["chi2x"],
        intrinsic[ID]["chi2y"],
        intrinsic[ID]["chi2z"],
    ],
    f0=intrinsic[ID]["f0"],
    e0=intrinsic[ID]["ecc"],
    plot_waveform=False,
    verbose=False,
 )

initial_data = TP_from_ADM(adm_id)
tp_diagnostics = TP_diagnostics_from_ADM(adm_id)

assert np.isclose(initial_data["bh_0_x"] - initial_data["bh_1_x"], adm_id["D"])
assert np.isclose(initial_data["bh_0_px"], -initial_data["bh_1_px"])
assert np.isclose(initial_data["bh_0_py"], -initial_data["bh_1_py"])
assert np.isclose(tp_diagnostics["center_offset"], adm_id["x_offset"])

print("ADM IDs")
for key in ("D", "px", "py", "x1", "x2", "x_offset"):
    print(f"{key:10s} = {adm_id[key]}")
print(f"{'t_mrg':10s} = {tmax}")

print("\nTwoPunctures initial_data")
for key in (
    "bh_0_m",
    "bh_0_x",
    "bh_0_px",
    "bh_0_py",
    "bh_0_sz",
    "bh_1_m",
    "bh_1_x",
    "bh_1_px",
    "bh_1_py",
    "bh_1_sz",
    "give_bare_mass",
    "bitant",
):
    print(f"{key:14s} = {initial_data[key]}")

print("\nDerived diagnostics")
for key, value in tp_diagnostics.items():
    print(f"{key:14s} = {value}")

print("\nFull initial_data dictionary")
pprint(initial_data)
------------------


[31m---------------------------------------------------------------------------[39m
[31mNameError[39m                                 Traceback (most recent call last)
[36mCell[39m[36m [39m[32mIn[5][39m[32m, line 16[39m
[32m     12[39m     }
[32m     13[39m }
[32m     14[39m 
[32m     15[39m ID = [33m"test"[39m
[32m---> [39m[32m16[39m adm_id, tmax = ADM_from_EOB(
[32m     17[39m     M=[32m1.0[39m,
[32m     18[39m     q=intrinsic[ID][[33m"q"[39m],
[32m     19[39m     chi1=[

[36mCell[39m[36m [39m[32mIn[3][39m[32m, line 29[39m, in [36mADM_from_EOB[39m[34m(M, q, chi1, chi2, f0, e0, plot_waveform, verbose)[39m
[32m     25[39m         chi2z=chi2[[32m2[39m],
[32m     26[39m         f0=f0,
[32m     27[39m         ecc=e0,
[32m     28[39m     )
[32m---> [39m[32m29[39m     eob_wave = teob.Waveform_EOB(pars=pars)
[32m     30[39m 
[32m     31[39m     [38;5;28;01mif[39;00m plot_waveform:
[32m     32[39m         fig, ax = plt.subplots(figsize=([32m8[39m, [32m4[39m))

[36mFile [39m[32m/opt/hostedtoolcache/Python/3.11.15/x64/lib/python3.11/site-packages/PyART/models/teob.py:27[39m, in [36mWaveform_EOB.__init__[39m[34m(self, pars)[39m
[32m     25[39m [38;5;28mself[39m.pars = pars
[32m     26[39m [38;5;28mself[39m._kind = [33m"[39m[33mEOB[39m[33m"[39m
[32m---> [39m[32m27[39m [30;43mself[39;49m[30;43m.[39;49m[30;43m_run_py[39;49m[30;43m([39;49m[30;43m)[39;49m
[32m     28[39m [38;5;28;01mpass[39;00m

[36mFile [39m[32m/opt/hostedtoolcache/Python/3.11.15/x64/lib/python3.11/site-packages/PyART/models/teob.py:61[39m, in [36mWaveform_EOB._run_py[39m[34m(self)[39m
[32m     59[39m     [38;5;28mself[39m.domain = [33m"[39m[33mFreq[39m[33m"[39m
[32m     60[39m [38;5;28;01melse[39;00m:
[32m---> [39m[32m61[39m     t, hp, hc, hlm, dyn = [30;43mEOB[39;49m.EOBRunPy([38;5;28mself[39m.pars)
[32m     62[39m     [38;5;28mself[39m._u = t
[32m     63[39m     hlm_conv = convert_hlm(hlm)

[31mNameError[39m: name 'EOB' is not defined

