Traceback (most recent call last):
  File "/opt/hostedtoolcache/Python/3.11.15/x64/lib/python3.11/site-packages/jupyter_cache/executors/utils.py", line 58, in single_nb_execution
    executenb(
  File "/opt/hostedtoolcache/Python/3.11.15/x64/lib/python3.11/site-packages/nbclient/client.py", line 1323, in execute
    return NotebookClient(nb=nb, resources=resources, km=km, **kwargs).execute()
           ^^^^^^^^^^^^^^^^^^^^^^^^^^^^^^^^^^^^^^^^^^^^^^^^^^^^^^^^^^^^^^^^^^^^^
  File "/opt/hostedtoolcache/Python/3.11.15/x64/lib/python3.11/site-packages/jupyter_core/utils/__init__.py", line 165, in wrapped
    return loop.run_until_complete(inner)
           ^^^^^^^^^^^^^^^^^^^^^^^^^^^^^^
  File "/opt/hostedtoolcache/Python/3.11.15/x64/lib/python3.11/asyncio/base_events.py", line 654, in run_until_complete
    return future.result()
           ^^^^^^^^^^^^^^^
  File "/opt/hostedtoolcache/Python/3.11.15/x64/lib/python3.11/site-packages/nbclient/client.py", line 709, in async_execute
    await self.async_execute_cell(
  File "/opt/hostedtoolcache/Python/3.11.15/x64/lib/python3.11/site-packages/nbclient/client.py", line 1062, in async_execute_cell
    await self._check_raise_for_error(cell, cell_index, exec_reply)
  File "/opt/hostedtoolcache/Python/3.11.15/x64/lib/python3.11/site-packages/nbclient/client.py", line 918, in _check_raise_for_error
    raise CellExecutionError.from_cell_and_msg(cell, exec_reply_content)
nbclient.exceptions.CellExecutionError: An error occurred while executing the following cell:
------------------
# Load an SXS waveform
catalog = 'sxs'
sim_id = 180

if catalog == 'sxs':
    ebbh = Waveform_SXS(
        path='./', 
        download=True, 
        ID=sim_id, 
        order="Extrapolated_N3.dir", 
        ellmax=7,
        nu_rescale=True
    )
    # Remove junk radiation from the beginning
    ebbh.cut(200)
else:
    # For RIT or other catalogs
    ebbh = Waveform_RIT(
        path='./local_data/rit/', 
        download=True, 
        ID=sim_id, 
        nu_rescale=True
    )

# Display metadata
print('Waveform Metadata:')
print('=' * 50)
for k, v in ebbh.metadata.items():
    print(f'{k:15s} : {v}')
print('=' * 50)
------------------


[31m---------------------------------------------------------------------------[39m
[31mRuntimeError[39m                              Traceback (most recent call last)
[36mCell[39m[36m [39m[32mIn[2][39m[32m, line 6[39m
[32m      2[39m catalog = [33m'sxs'[39m
[32m      3[39m sim_id = [32m180[39m
[32m      4[39m 
[32m      5[39m [38;5;28;01mif[39;00m catalog == [33m'sxs'[39m:
[32m----> [39m[32m6[39m     ebbh = Waveform_SXS(
[32m      7[39m         path=[33m'./'[39m,
[32m      8[39m         download=[38;5;28;01mTrue[39;00m,
[32m      9[39m         ID=sim_id,

[36mFile [39m[32m/opt/hostedtoolcache/Python/3.11.15/x64/lib/python3.11/site-packages/PyART/catalogs/sxs.py:173[39m, in [36mWaveform_SXS.__init__[39m[34m(self, path, ID, order, level, cut_N, cut_U, ellmax, load, download, downloads, load_m0, nu_rescale, src, ignore_deprecation, basename)[39m
[32m    171[39m             [38;5;28;01mbreak[39;00m
[32m    172[39m         [38;5;28;01melif[39;00m lvn == ref_lv_min:
[32m--> [39m[32m173[39m             [38;5;28;01mraise[39;00m [38;5;167;01mRuntimeError[39;00m(
[32m    174[39m                 [33mf[39m[33m"[39m[33mNo data for ref-levels:[[39m[38;5;132;01m{[39;00mref_lv_min[38;5;132;01m:[39;00m[33md[39m[38;5;132;01m}[39;00m[33m,[39m[38;5;132;01m{[39;00mref_lv_max[38;5;132;01m:[39;00m[33md[39m[38;5;132;01m}[39;00m[33m] found[39m[33m"[39m
[32m    175[39m             )
[32m    177[39m [38;5;28;01melse[39;00m:
[32m    178[39m     [38;5;28;01mraise[39;00m [38;5;167;01mRuntimeError[39;00m([33mf[39m[33m"[39m[33mInvalid input for level: [39m[38;5;132;01m{[39;00m[38;5;28mself[39m.level[38;5;132;01m}[39;00m[33m"[39m)

[31mRuntimeError[39m: No data for ref-levels:[1,7] found

